Tue Jul 31 10:04:15 UTC 2018
[master (root-commit) a41c8ee] protected grass
 2 files changed, 13 insertions(+)
 create mode 100755 history.log
 create mode 100755 protect.sh
Tue Jul 31 10:05:26 UTC 2018
[master 50d6c02] protected grass
 1 file changed, 5 insertions(+)
Tue Jul 31 10:06:35 UTC 2018
[master c8834de] protected grass
 2 files changed, 4 insertions(+)
 create mode 100644 readme.md
Tue Jul 31 10:10:04 UTC 2018
[master 5c6fdab] protected grass
 1 file changed, 4 insertions(+)
Wed Aug  1 00:30:01 UTC 2018
[master dbfada0] protected grass
 1 file changed, 3 insertions(+)
Thu Aug  2 00:30:01 UTC 2018
[master e1a89ed] protected grass
 1 file changed, 3 insertions(+)
Fri Aug  3 00:30:01 UTC 2018
[master 8066235] protected grass
 1 file changed, 3 insertions(+)
Sat Aug  4 00:30:01 UTC 2018
[master e0130aa] protected grass
 1 file changed, 3 insertions(+)
Sun Aug  5 00:30:01 UTC 2018
[master a2a6528] protected grass
 1 file changed, 3 insertions(+)
Mon Aug  6 00:30:01 UTC 2018
[master 68ebfff] protected grass
 1 file changed, 3 insertions(+)
Tue Aug  7 00:30:01 UTC 2018
[master 780f1cd] protected grass
 1 file changed, 3 insertions(+)
Wed Aug  8 00:30:01 UTC 2018
[master ac52dd8] protected grass
 1 file changed, 3 insertions(+)
Thu Aug  9 00:30:01 UTC 2018
[master afff057] protected grass
 1 file changed, 3 insertions(+)
Fri Aug 10 00:30:01 UTC 2018
[master f825665] protected grass
 1 file changed, 3 insertions(+)
Sat Aug 11 00:30:01 UTC 2018
[master 05c258c] protected grass
 1 file changed, 3 insertions(+)
Sun Aug 12 00:30:01 UTC 2018
[master 6440a79] protected grass
 1 file changed, 3 insertions(+)
Mon Aug 13 00:30:01 UTC 2018
[master f9e32e6] protected grass
 1 file changed, 3 insertions(+)
Tue Aug 14 00:30:01 UTC 2018
[master ed479e4] protected grass
 1 file changed, 3 insertions(+)
Wed Aug 15 00:30:01 UTC 2018
[master 3dac155] protected grass
 1 file changed, 3 insertions(+)
Thu Aug 16 00:30:01 UTC 2018
[master d4b9f5f] protected grass
 1 file changed, 3 insertions(+)
Fri Aug 17 00:30:01 UTC 2018
[master 9c65777] protected grass
 1 file changed, 3 insertions(+)
Sat Aug 18 00:30:01 UTC 2018
[master 63f43ad] protected grass
 1 file changed, 3 insertions(+)
Sun Aug 19 00:30:01 UTC 2018
[master 53d2c3d] protected grass
 1 file changed, 3 insertions(+)
Mon Aug 20 00:30:01 UTC 2018
[master f70325d] protected grass
 1 file changed, 3 insertions(+)
Tue Aug 21 00:30:01 UTC 2018
[master 8ae01fc] protected grass
 1 file changed, 3 insertions(+)
Wed Aug 22 00:30:02 UTC 2018
[master f2bbf90] protected grass
 1 file changed, 3 insertions(+)
Thu Aug 23 00:30:01 UTC 2018
[master 42aff5e] protected grass
 1 file changed, 3 insertions(+)
Fri Aug 24 00:30:01 UTC 2018
[master 50496c9] protected grass
 1 file changed, 3 insertions(+)
Sat Aug 25 00:30:01 UTC 2018
[master 3fcca66] protected grass
 1 file changed, 3 insertions(+)
Sun Aug 26 00:30:01 UTC 2018
[master 6572ae0] protected grass
 1 file changed, 3 insertions(+)
Mon Aug 27 00:30:01 UTC 2018
[master 5ecacbb] protected grass
 1 file changed, 3 insertions(+)
Tue Aug 28 00:30:01 UTC 2018
[master 05934cf] protected grass
 1 file changed, 3 insertions(+)
Wed Aug 29 00:30:01 UTC 2018
[master 3bf6a6a] protected grass
 1 file changed, 3 insertions(+)
Thu Aug 30 00:30:01 UTC 2018
[master f673ddd] protected grass
 1 file changed, 3 insertions(+)
Fri Aug 31 00:30:01 UTC 2018
[master f7892c6] protected grass
 1 file changed, 3 insertions(+)
Sat Sep  1 00:30:01 UTC 2018
[master 293405a] protected grass
 1 file changed, 3 insertions(+)
Sun Sep  2 00:30:01 UTC 2018
[master 781cfab] protected grass
 1 file changed, 3 insertions(+)
Mon Sep  3 00:30:01 UTC 2018
[master 0916d96] protected grass
 1 file changed, 3 insertions(+)
Tue Sep  4 00:30:01 UTC 2018
[master dc7904a] protected grass
 1 file changed, 3 insertions(+)
Wed Sep  5 00:30:01 UTC 2018
[master a9db82f] protected grass
 1 file changed, 3 insertions(+)
Thu Sep  6 00:30:01 UTC 2018
[master 83c2f00] protected grass
 1 file changed, 3 insertions(+)
Fri Sep  7 00:30:01 UTC 2018
[master 10504cc] protected grass
 1 file changed, 3 insertions(+)
Sat Sep  8 00:30:01 UTC 2018
[master e7865c6] protected grass
 1 file changed, 3 insertions(+)
Sun Sep  9 00:30:01 UTC 2018
[master d87f50e] protected grass
 1 file changed, 3 insertions(+)
Mon Sep 10 00:30:01 UTC 2018
[master 7317529] protected grass
 1 file changed, 3 insertions(+)
Tue Sep 11 00:30:01 UTC 2018
[master dab9d08] protected grass
 1 file changed, 3 insertions(+)
Wed Sep 12 00:30:01 UTC 2018
[master cee6684] protected grass
 1 file changed, 3 insertions(+)
Thu Sep 13 00:30:01 UTC 2018
[master ca2d92f] protected grass
 1 file changed, 3 insertions(+)
Fri Sep 14 00:30:02 UTC 2018
[master 7678730] protected grass
 1 file changed, 3 insertions(+)
Sat Sep 15 00:30:01 UTC 2018
[master 962cd70] protected grass
 1 file changed, 3 insertions(+)
Sun Sep 16 00:30:01 UTC 2018
[master 38b44fb] protected grass
 1 file changed, 3 insertions(+)
Mon Sep 17 00:30:01 UTC 2018
[master a23a97d] protected grass
 1 file changed, 3 insertions(+)
Tue Sep 18 00:30:01 UTC 2018
[master 99822c7] protected grass
 1 file changed, 3 insertions(+)
Wed Sep 19 00:30:01 UTC 2018
[master de396dd] protected grass
 1 file changed, 3 insertions(+)
Thu Sep 20 00:30:01 UTC 2018
[master bf70955] protected grass
 1 file changed, 3 insertions(+)
Fri Sep 21 00:30:01 UTC 2018
[master 66803a2] protected grass
 1 file changed, 3 insertions(+)
Sat Sep 22 00:30:01 UTC 2018
[master 0bb927e] protected grass
 1 file changed, 3 insertions(+)
Sun Sep 23 00:30:01 UTC 2018
[master 52cd25c] protected grass
 1 file changed, 3 insertions(+)
Mon Sep 24 00:30:01 UTC 2018
[master f5b3851] protected grass
 1 file changed, 3 insertions(+)
Tue Sep 25 00:30:01 UTC 2018
[master e29a0a5] protected grass
 1 file changed, 3 insertions(+)
Wed Sep 26 00:30:01 UTC 2018
[master 9da3a3a] protected grass
 1 file changed, 3 insertions(+)
Thu Sep 27 00:30:01 UTC 2018
[master 9531014] protected grass
 1 file changed, 3 insertions(+)
Fri Sep 28 00:30:01 UTC 2018
[master 017e14b] protected grass
 1 file changed, 3 insertions(+)
Sat Sep 29 00:30:01 UTC 2018
[master 9ed13d7] protected grass
 1 file changed, 3 insertions(+)
Sun Sep 30 00:30:01 UTC 2018
[master 199e8bd] protected grass
 1 file changed, 3 insertions(+)
Mon Oct  1 00:30:01 UTC 2018
[master a290909] protected grass
 1 file changed, 3 insertions(+)
Tue Oct  2 00:30:01 UTC 2018
[master 3626577] protected grass
 1 file changed, 3 insertions(+)
Wed Oct  3 00:30:01 UTC 2018
[master a86f579] protected grass
 1 file changed, 3 insertions(+)
Thu Oct  4 00:30:01 UTC 2018
[master 54d9f13] protected grass
 1 file changed, 3 insertions(+)
Fri Oct  5 00:30:01 UTC 2018
[master ca3bda4] protected grass
 1 file changed, 3 insertions(+)
Sat Oct  6 00:30:01 UTC 2018
[master 416ff3b] protected grass
 1 file changed, 3 insertions(+)
Sun Oct  7 00:30:01 UTC 2018
[master 2646c10] protected grass
 1 file changed, 3 insertions(+)
Mon Oct  8 00:30:01 UTC 2018
[master 79b975c] protected grass
 1 file changed, 3 insertions(+)
Tue Oct  9 00:30:01 UTC 2018
[master 6d505ef] protected grass
 1 file changed, 3 insertions(+)
Wed Oct 10 00:30:01 UTC 2018
[master 3bf459c] protected grass
 1 file changed, 3 insertions(+)
Thu Oct 11 00:30:01 UTC 2018
[master d09a60e] protected grass
 1 file changed, 3 insertions(+)
Fri Oct 12 00:30:01 UTC 2018
[master c120c8f] protected grass
 1 file changed, 3 insertions(+)
Sat Oct 13 00:30:01 UTC 2018
[master 9f5ad6d] protected grass
 1 file changed, 3 insertions(+)
Sun Oct 14 00:30:01 UTC 2018
[master e7abd54] protected grass
 1 file changed, 3 insertions(+)
Mon Oct 15 00:30:01 UTC 2018
[master da90540] protected grass
 1 file changed, 3 insertions(+)
Tue Oct 16 00:30:01 UTC 2018
[master 392975f] protected grass
 1 file changed, 3 insertions(+)
Wed Oct 17 00:30:01 UTC 2018
[master 677ceca] protected grass
 1 file changed, 3 insertions(+)
Thu Oct 18 00:30:01 UTC 2018
[master 35316ee] protected grass
 1 file changed, 3 insertions(+)
Fri Oct 19 00:30:01 UTC 2018
[master 3f8fa12] protected grass
 1 file changed, 3 insertions(+)
Sat Oct 20 00:30:01 UTC 2018
[master 4d666b7] protected grass
 1 file changed, 3 insertions(+)
Sun Oct 21 00:30:01 UTC 2018
[master fc62264] protected grass
 1 file changed, 3 insertions(+)
Mon Oct 22 00:30:01 UTC 2018
[master 70761d6] protected grass
 1 file changed, 3 insertions(+)
Tue Oct 23 00:30:01 UTC 2018
[master f95d6dd] protected grass
 1 file changed, 3 insertions(+)
Wed Oct 24 00:30:01 UTC 2018
[master 1f31987] protected grass
 1 file changed, 3 insertions(+)
Thu Oct 25 00:30:01 UTC 2018
[master 12909ab] protected grass
 1 file changed, 3 insertions(+)
Fri Oct 26 00:30:01 UTC 2018
[master 38d389b] protected grass
 1 file changed, 3 insertions(+)
Sat Oct 27 00:30:01 UTC 2018
[master e6b19c1] protected grass
 1 file changed, 3 insertions(+)
Sun Oct 28 00:30:01 UTC 2018
[master 8f0469a] protected grass
 1 file changed, 3 insertions(+)
Mon Oct 29 00:30:01 UTC 2018
[master ee32146] protected grass
 1 file changed, 3 insertions(+)
Tue Oct 30 00:30:01 UTC 2018
[master 621e49a] protected grass
 1 file changed, 3 insertions(+)
Wed Oct 31 00:30:01 UTC 2018
